2021-04-24 21:22:17 ERROR PatientServiceImpl:49 - Failure while connecting to server on null:8080
2021-04-24 21:22:50 ERROR PatientServiceImpl:49 - Failure while connecting to server on null:8080
2021-04-24 21:25:54 ERROR PatientServiceImpl:49 - Failure while connecting to server on null:8080
2021-04-24 21:26:31 ERROR PatientServiceImpl:49 - Failure while connecting to server on null:8080
2021-04-24 21:27:16 ERROR PatientServiceImpl:49 - Failure while connecting to server on 127.0.0.1:8080
2021-04-24 21:29:42 INFO  PatientServiceImpl:58 - ADD
2021-04-24 21:29:44 ERROR PatientServiceImpl:76 - Error while sending object!
2021-04-24 21:30:24 ERROR PatientServiceImpl:49 - Failure while connecting to server on 127.0.0.1:8080
2021-04-24 21:30:46 INFO  PatientServiceImpl:58 - ADD
2021-04-24 21:30:46 ERROR PatientServiceImpl:76 - Error while sending object!
2021-04-24 21:31:43 INFO  PatientServiceImpl:58 - ADD
2021-04-24 21:31:43 ERROR PatientServiceImpl:76 - Error while sending object!
2021-04-24 21:32:14 ERROR PatientServiceImpl:49 - Failure while connecting to server on 127.0.0.1:8080
2021-04-24 21:32:45 INFO  PatientServiceImpl:58 - ADD
2021-04-24 21:32:45 ERROR PatientServiceImpl:76 - Error while sending object!
2021-04-24 21:33:28 INFO  PatientServiceImpl:58 - ADD
2021-04-24 21:36:16 ERROR PatientServiceImpl:76 - Error while sending object!
2021-04-24 21:36:39 INFO  PatientServiceImpl:58 - ADD
2021-04-24 21:37:23 ERROR PatientServiceImpl:76 - Error while sending object!
2021-04-24 22:00:15 INFO  PatientServiceImpl:58 - ADD
2021-04-24 22:00:27 ERROR PatientServiceImpl:76 - Error while sending object!
2021-04-24 22:01:36 INFO  PatientServiceImpl:58 - ADD
2021-04-24 22:02:34 ERROR PatientServiceImpl:76 - Error while sending object!
2021-04-24 22:04:38 INFO  PatientServiceImpl:58 - ADD
2021-04-24 22:05:00 ERROR PatientServiceImpl:76 - Error while sending object!
2021-04-24 22:08:29 INFO  PatientServiceImpl:58 - ADD
2021-04-24 22:08:38 ERROR PatientServiceImpl:76 - Error while sending object!
2021-04-24 22:12:36 INFO  PatientServiceImpl:58 - ADD
2021-04-24 22:13:15 INFO  PatientServiceImpl:58 - ADD
2021-04-24 22:14:12 ERROR PatientServiceImpl:76 - Error while sending object!
2021-04-24 22:15:09 INFO  PatientServiceImpl:58 - ADD
2021-04-24 22:15:23 ERROR PatientServiceImpl:76 - Error while sending object!
2021-04-24 22:18:24 INFO  PatientServiceImpl:58 - ADD
2021-04-24 22:18:33 ERROR PatientServiceImpl:76 - Error while sending object!
2021-04-24 22:20:12 INFO  PatientServiceImpl:58 - ADD
2021-04-24 22:20:32 ERROR PatientServiceImpl:76 - Error while sending object!
2021-04-24 22:21:15 INFO  PatientServiceImpl:58 - ADD
2021-04-24 22:23:12 ERROR PatientServiceImpl:49 - Failure while connecting to server on 127.0.0.1:8080
2021-04-24 22:23:46 INFO  PatientServiceImpl:58 - ADD
2021-04-24 22:24:18 ERROR PatientServiceImpl:76 - Error while sending object!
2021-04-24 22:24:35 INFO  PatientServiceImpl:58 - ADD
2021-04-24 22:25:18 ERROR PatientServiceImpl:76 - Error while sending object!
2021-04-24 22:27:41 INFO  PatientServiceImpl:58 - ADD
2021-04-24 22:29:07 ERROR PatientServiceImpl:78 - Error while sending object!
2021-04-24 22:29:25 INFO  PatientServiceImpl:58 - ADD
2021-04-24 22:34:23 ERROR PatientServiceImpl:78 - Error while sending object!
2021-04-24 22:35:27 INFO  PatientServiceImpl:58 - ADD
2021-04-25 01:47:48 INFO  PatientServiceImpl:58 - ADD
2021-04-25 01:48:28 INFO  PatientServiceImpl:58 - ADD
2021-04-25 15:27:44 INFO  PatientServiceImpl:58 - ADD
2021-04-25 16:04:54 INFO  PatientServiceImpl:59 - ADD
2021-04-25 16:06:00 INFO  PatientServiceImpl:59 - ADD
2021-04-25 16:28:15 ERROR PatientServiceImpl:51 - Failure while connecting to server on 127.0.0.1:8080
2021-04-25 17:17:10 INFO  PatientServiceImpl:62 - ADD
2021-04-25 17:17:12 INFO  PatientServiceImpl:62 - FIND_PAGE
2021-04-25 17:17:27 INFO  PatientServiceImpl:62 - ADD
2021-04-25 17:17:38 INFO  PatientServiceImpl:62 - ADD
2021-04-25 17:17:40 INFO  PatientServiceImpl:62 - FIND_PAGE
2021-04-25 17:18:15 INFO  PatientServiceImpl:62 - FIND_PAGE
2021-04-25 17:18:19 INFO  PatientServiceImpl:62 - FIND_PAGE
2021-04-25 17:18:43 INFO  PatientServiceImpl:62 - FIND_PAGE
2021-04-25 17:19:41 ERROR PatientServiceImpl:82 - Error while sending object!
2021-04-25 17:19:41 INFO  PatientServiceImpl:62 - FIND_PAGE
2021-04-25 17:19:41 ERROR PatientServiceImpl:68 - Error while creating Object Stream!
2021-04-25 17:19:41 INFO  PatientServiceImpl:62 - FIND_PAGE
2021-04-25 17:19:41 ERROR PatientServiceImpl:68 - Error while creating Object Stream!
2021-04-25 17:19:41 INFO  PatientServiceImpl:62 - FIND_PAGE
2021-04-25 17:19:41 ERROR PatientServiceImpl:68 - Error while creating Object Stream!
2021-04-25 17:19:41 INFO  PatientServiceImpl:62 - FIND_PAGE
2021-04-25 17:19:41 ERROR PatientServiceImpl:68 - Error while creating Object Stream!
2021-04-25 17:19:41 INFO  PatientServiceImpl:62 - FIND_PAGE
2021-04-25 17:19:41 ERROR PatientServiceImpl:68 - Error while creating Object Stream!
2021-04-25 17:48:01 INFO  PatientServiceImpl:62 - FIND_PAGE
2021-04-25 23:31:22 INFO  PatientServiceImpl:57 - ADD
2021-04-25 23:31:24 INFO  PatientServiceImpl:57 - FIND_PAGE
2021-04-25 23:31:38 INFO  PatientServiceImpl:57 - DELETE_BY_FULL_NAME_OR_ADDRESS
2021-04-25 23:36:05 ERROR PatientServiceImpl:77 - Error while sending object!
2021-04-25 23:36:36 INFO  PatientServiceImpl:57 - ADD
2021-04-25 23:36:46 INFO  PatientServiceImpl:57 - ADD
2021-04-25 23:36:48 INFO  PatientServiceImpl:57 - FIND_PAGE
2021-04-25 23:36:55 INFO  PatientServiceImpl:57 - DELETE_BY_FULL_NAME_OR_ADDRESS
2021-04-25 23:37:16 ERROR PatientServiceImpl:77 - Error while sending object!
2021-04-25 23:37:42 INFO  PatientServiceImpl:57 - ADD
2021-04-25 23:37:52 INFO  PatientServiceImpl:57 - ADD
2021-04-25 23:37:53 INFO  PatientServiceImpl:57 - FIND_PAGE
2021-04-25 23:38:02 INFO  PatientServiceImpl:57 - DELETE_BY_FULL_NAME_OR_ADDRESS
2021-04-25 23:38:05 INFO  PatientServiceImpl:57 - FIND_PAGE
2021-04-25 23:40:42 INFO  PatientServiceImpl:57 - ADD
2021-04-25 23:40:44 INFO  PatientServiceImpl:57 - FIND_PAGE
2021-04-25 23:40:53 INFO  PatientServiceImpl:57 - ADD
2021-04-25 23:40:54 INFO  PatientServiceImpl:57 - FIND_PAGE
2021-04-25 23:41:04 INFO  PatientServiceImpl:57 - ADD
2021-04-25 23:41:13 INFO  PatientServiceImpl:57 - ADD
2021-04-25 23:41:14 INFO  PatientServiceImpl:57 - FIND_PAGE
2021-04-25 23:42:05 INFO  PatientServiceImpl:57 - FIND_PAGE
2021-04-25 23:42:11 INFO  PatientServiceImpl:57 - DELETE_BY_FULL_NAME_OR_ADDRESS
2021-04-25 23:42:49 ERROR PatientServiceImpl:77 - Error while sending object!
2021-04-25 23:43:14 INFO  PatientServiceImpl:57 - ADD
2021-04-25 23:43:26 INFO  PatientServiceImpl:57 - ADD
2021-04-25 23:43:34 INFO  PatientServiceImpl:57 - ADD
2021-04-25 23:43:36 INFO  PatientServiceImpl:57 - FIND_PAGE
2021-04-25 23:43:45 INFO  PatientServiceImpl:57 - DELETE_BY_FULL_NAME_OR_ADDRESS
2021-04-25 23:44:19 ERROR PatientServiceImpl:77 - Error while sending object!
2021-04-25 23:44:44 INFO  PatientServiceImpl:57 - ADD
2021-04-25 23:44:53 INFO  PatientServiceImpl:57 - ADD
2021-04-25 23:44:54 INFO  PatientServiceImpl:57 - FIND_PAGE
2021-04-25 23:45:00 INFO  PatientServiceImpl:57 - DELETE_BY_FULL_NAME_OR_ADDRESS
2021-04-25 23:46:28 ERROR PatientServiceImpl:77 - Error while sending object!
2021-04-25 23:51:13 INFO  PatientServiceImpl:57 - ADD
2021-04-25 23:51:23 INFO  PatientServiceImpl:57 - ADD
2021-04-25 23:51:34 INFO  PatientServiceImpl:57 - ADD
2021-04-25 23:51:36 INFO  PatientServiceImpl:57 - FIND_PAGE
2021-04-25 23:51:42 INFO  PatientServiceImpl:57 - DELETE_BY_FULL_NAME_OR_ADDRESS
2021-04-25 23:52:54 ERROR PatientServiceImpl:77 - Error while sending object!
2021-04-25 23:53:40 INFO  PatientServiceImpl:57 - ADD
2021-04-25 23:53:42 INFO  PatientServiceImpl:57 - FIND_PAGE
2021-04-25 23:53:46 INFO  PatientServiceImpl:57 - DELETE_BY_FULL_NAME_OR_ADDRESS
2021-04-25 23:54:04 ERROR PatientServiceImpl:77 - Error while sending object!
2021-04-25 23:54:53 INFO  PatientServiceImpl:57 - ADD
2021-04-25 23:54:55 INFO  PatientServiceImpl:57 - FIND_PAGE
2021-04-25 23:54:58 INFO  PatientServiceImpl:57 - DELETE_BY_FULL_NAME_OR_ADDRESS
2021-04-25 23:57:30 ERROR PatientServiceImpl:77 - Error while sending object!
2021-04-25 23:58:04 INFO  PatientServiceImpl:57 - ADD
2021-04-25 23:58:09 INFO  PatientServiceImpl:57 - FIND_PAGE
2021-04-25 23:58:12 INFO  PatientServiceImpl:57 - DELETE_BY_FULL_NAME_OR_ADDRESS
2021-04-25 23:58:14 INFO  PatientServiceImpl:57 - FIND_PAGE
2021-04-25 23:58:34 INFO  PatientServiceImpl:57 - ADD
2021-04-25 23:58:43 INFO  PatientServiceImpl:57 - ADD
2021-04-25 23:58:45 INFO  PatientServiceImpl:57 - FIND_PAGE
2021-04-25 23:58:51 INFO  PatientServiceImpl:57 - DELETE_BY_FULL_NAME_OR_ADDRESS
2021-04-25 23:58:55 INFO  PatientServiceImpl:57 - FIND_PAGE
2021-04-25 23:59:05 INFO  PatientServiceImpl:57 - DELETE_BY_FULL_NAME_OR_ADDRESS
2021-04-25 23:59:07 INFO  PatientServiceImpl:57 - FIND_PAGE
2021-04-25 23:59:17 INFO  PatientServiceImpl:57 - ADD
2021-04-25 23:59:24 INFO  PatientServiceImpl:57 - ADD
2021-04-25 23:59:26 INFO  PatientServiceImpl:57 - FIND_PAGE
2021-04-25 23:59:32 INFO  PatientServiceImpl:57 - DELETE_BY_FULL_NAME_OR_ADDRESS
2021-04-26 00:00:31 INFO  PatientServiceImpl:57 - ADD
2021-04-26 00:00:55 INFO  PatientServiceImpl:57 - ADD
2021-04-26 00:01:03 INFO  PatientServiceImpl:57 - FIND_PAGE
2021-04-26 00:01:17 INFO  PatientServiceImpl:57 - DELETE_BY_FULL_NAME_OR_ADDRESS
2021-04-26 00:02:29 INFO  PatientServiceImpl:57 - ADD
2021-04-26 00:02:37 INFO  PatientServiceImpl:57 - ADD
2021-04-26 00:02:41 INFO  PatientServiceImpl:57 - FIND_PAGE
2021-04-26 00:02:47 INFO  PatientServiceImpl:57 - DELETE_BY_FULL_NAME_OR_ADDRESS
2021-04-26 00:02:49 INFO  PatientServiceImpl:57 - FIND_PAGE
2021-04-26 00:20:19 INFO  PatientServiceImpl:57 - ADD
2021-04-26 00:20:27 INFO  PatientServiceImpl:57 - ADD
2021-04-26 00:20:28 INFO  PatientServiceImpl:57 - FIND_PAGE
2021-04-26 00:20:34 INFO  PatientServiceImpl:57 - SEARCH_BY_FULL_NAME_OR_ADDRESS
2021-04-26 00:20:44 INFO  PatientServiceImpl:57 - SEARCH_BY_FULL_NAME_OR_ADDRESS
2021-04-26 00:43:54 INFO  PatientServiceImpl:57 - ADD
2021-04-26 00:44:05 INFO  PatientServiceImpl:57 - ADD
2021-04-26 00:44:16 INFO  PatientServiceImpl:57 - ADD
2021-04-26 00:44:28 INFO  PatientServiceImpl:57 - ADD
2021-04-26 00:44:29 INFO  PatientServiceImpl:57 - FIND_PAGE
2021-04-26 00:44:37 INFO  PatientServiceImpl:57 - GET_AMOUNT_OF_PATIENTS
2021-04-26 00:44:37 INFO  PatientServiceImpl:57 - FIND_PAGE
2021-04-26 00:44:37 INFO  PatientServiceImpl:57 - GET_AMOUNT_OF_PATIENTS
2021-04-26 00:44:37 INFO  PatientServiceImpl:57 - FIND_PAGE
2021-04-26 00:44:38 INFO  PatientServiceImpl:57 - GET_AMOUNT_OF_PATIENTS
2021-04-26 00:44:38 INFO  PatientServiceImpl:57 - FIND_PAGE
2021-04-26 00:44:38 INFO  PatientServiceImpl:57 - GET_AMOUNT_OF_PATIENTS
2021-04-26 00:44:38 INFO  PatientServiceImpl:57 - FIND_PAGE
2021-04-26 00:44:38 INFO  PatientServiceImpl:57 - GET_AMOUNT_OF_PATIENTS
2021-04-26 00:44:38 INFO  PatientServiceImpl:57 - FIND_PAGE
2021-04-26 00:44:38 INFO  PatientServiceImpl:57 - GET_AMOUNT_OF_PATIENTS
2021-04-26 00:44:38 INFO  PatientServiceImpl:57 - FIND_PAGE
2021-04-26 00:44:40 INFO  PatientServiceImpl:57 - GET_AMOUNT_OF_PATIENTS
2021-04-26 00:44:40 INFO  PatientServiceImpl:57 - FIND_PAGE
2021-04-26 00:44:40 INFO  PatientServiceImpl:57 - GET_AMOUNT_OF_PATIENTS
2021-04-26 00:44:40 INFO  PatientServiceImpl:57 - FIND_PAGE
2021-04-26 00:44:41 INFO  PatientServiceImpl:57 - GET_AMOUNT_OF_PATIENTS
2021-04-26 00:44:41 INFO  PatientServiceImpl:57 - FIND_PAGE
2021-04-26 00:44:42 INFO  PatientServiceImpl:57 - GET_AMOUNT_OF_PATIENTS
2021-04-26 00:44:42 INFO  PatientServiceImpl:57 - FIND_PAGE
2021-04-26 00:44:43 INFO  PatientServiceImpl:57 - GET_AMOUNT_OF_PATIENTS
2021-04-26 00:44:43 INFO  PatientServiceImpl:57 - FIND_PAGE
2021-04-26 00:44:43 INFO  PatientServiceImpl:57 - GET_AMOUNT_OF_PATIENTS
2021-04-26 00:44:43 INFO  PatientServiceImpl:57 - FIND_PAGE
2021-04-26 00:44:46 INFO  PatientServiceImpl:57 - GET_AMOUNT_OF_PATIENTS
2021-04-26 00:44:46 INFO  PatientServiceImpl:57 - FIND_PAGE
2021-04-26 00:44:46 INFO  PatientServiceImpl:57 - GET_AMOUNT_OF_PATIENTS
2021-04-26 00:44:46 INFO  PatientServiceImpl:57 - FIND_PAGE
2021-04-26 00:44:47 INFO  PatientServiceImpl:57 - GET_AMOUNT_OF_PATIENTS
2021-04-26 00:44:47 INFO  PatientServiceImpl:57 - FIND_PAGE
2021-04-26 00:44:47 INFO  PatientServiceImpl:57 - GET_AMOUNT_OF_PATIENTS
2021-04-26 00:44:47 INFO  PatientServiceImpl:57 - FIND_PAGE
2021-04-26 00:44:49 INFO  PatientServiceImpl:57 - GET_AMOUNT_OF_PATIENTS
2021-04-26 00:44:49 INFO  PatientServiceImpl:57 - FIND_PAGE
2021-04-26 00:44:50 INFO  PatientServiceImpl:57 - GET_AMOUNT_OF_PATIENTS
2021-04-26 00:44:50 INFO  PatientServiceImpl:57 - FIND_PAGE
2021-04-26 00:44:51 INFO  PatientServiceImpl:57 - GET_AMOUNT_OF_PATIENTS
2021-04-26 00:44:51 INFO  PatientServiceImpl:57 - FIND_PAGE
2021-04-26 00:44:53 INFO  PatientServiceImpl:57 - GET_AMOUNT_OF_PATIENTS
2021-04-26 00:44:53 INFO  PatientServiceImpl:57 - FIND_PAGE
2021-04-26 00:44:53 INFO  PatientServiceImpl:57 - GET_AMOUNT_OF_PATIENTS
2021-04-26 00:44:53 INFO  PatientServiceImpl:57 - FIND_PAGE
2021-04-26 00:44:54 INFO  PatientServiceImpl:57 - GET_AMOUNT_OF_PATIENTS
2021-04-26 00:44:54 INFO  PatientServiceImpl:57 - FIND_PAGE
2021-04-26 00:44:55 INFO  PatientServiceImpl:57 - GET_AMOUNT_OF_PATIENTS
2021-04-26 00:44:55 INFO  PatientServiceImpl:57 - FIND_PAGE
2021-04-26 00:44:57 INFO  PatientServiceImpl:57 - GET_AMOUNT_OF_PATIENTS
2021-04-26 00:44:57 INFO  PatientServiceImpl:57 - FIND_PAGE
2021-04-26 00:44:58 INFO  PatientServiceImpl:57 - GET_AMOUNT_OF_PATIENTS
2021-04-26 00:44:58 INFO  PatientServiceImpl:57 - FIND_PAGE
2021-04-26 00:44:59 INFO  PatientServiceImpl:57 - GET_AMOUNT_OF_PATIENTS
2021-04-26 00:44:59 INFO  PatientServiceImpl:57 - FIND_PAGE
2021-04-26 00:44:59 INFO  PatientServiceImpl:57 - GET_AMOUNT_OF_PATIENTS
2021-04-26 00:44:59 INFO  PatientServiceImpl:57 - FIND_PAGE
2021-04-26 00:45:00 INFO  PatientServiceImpl:57 - GET_AMOUNT_OF_PATIENTS
2021-04-26 00:45:00 INFO  PatientServiceImpl:57 - FIND_PAGE
2021-04-26 00:45:00 INFO  PatientServiceImpl:57 - GET_AMOUNT_OF_PATIENTS
2021-04-26 00:45:00 INFO  PatientServiceImpl:57 - FIND_PAGE
2021-04-26 00:45:01 INFO  PatientServiceImpl:57 - GET_AMOUNT_OF_PATIENTS
2021-04-26 00:45:01 INFO  PatientServiceImpl:57 - FIND_PAGE
2021-04-26 00:45:01 INFO  PatientServiceImpl:57 - GET_AMOUNT_OF_PATIENTS
2021-04-26 00:45:01 INFO  PatientServiceImpl:57 - FIND_PAGE
2021-04-26 00:45:02 INFO  PatientServiceImpl:57 - GET_AMOUNT_OF_PATIENTS
2021-04-26 00:45:02 INFO  PatientServiceImpl:57 - FIND_PAGE
2021-04-26 00:45:02 INFO  PatientServiceImpl:57 - GET_AMOUNT_OF_PATIENTS
2021-04-26 00:45:02 INFO  PatientServiceImpl:57 - FIND_PAGE
2021-04-26 00:45:03 INFO  PatientServiceImpl:57 - GET_AMOUNT_OF_PATIENTS
2021-04-26 00:45:03 INFO  PatientServiceImpl:57 - FIND_PAGE
2021-04-26 00:45:06 INFO  PatientServiceImpl:57 - GET_AMOUNT_OF_PATIENTS
2021-04-26 00:45:06 INFO  PatientServiceImpl:57 - FIND_PAGE
2021-04-26 00:45:07 INFO  PatientServiceImpl:57 - GET_AMOUNT_OF_PATIENTS
2021-04-26 00:45:07 INFO  PatientServiceImpl:57 - FIND_PAGE
2021-04-26 00:45:08 INFO  PatientServiceImpl:57 - GET_AMOUNT_OF_PATIENTS
2021-04-26 00:45:08 INFO  PatientServiceImpl:57 - FIND_PAGE
2021-04-26 00:45:09 INFO  PatientServiceImpl:57 - GET_AMOUNT_OF_PATIENTS
2021-04-26 00:45:09 INFO  PatientServiceImpl:57 - FIND_PAGE
2021-04-26 00:45:09 INFO  PatientServiceImpl:57 - GET_AMOUNT_OF_PATIENTS
2021-04-26 00:45:09 INFO  PatientServiceImpl:57 - FIND_PAGE
2021-04-26 00:45:11 INFO  PatientServiceImpl:57 - GET_AMOUNT_OF_PATIENTS
2021-04-26 00:45:11 INFO  PatientServiceImpl:57 - FIND_PAGE
2021-04-26 00:45:11 INFO  PatientServiceImpl:57 - GET_AMOUNT_OF_PATIENTS
2021-04-26 00:45:11 INFO  PatientServiceImpl:57 - FIND_PAGE
2021-04-26 00:45:12 INFO  PatientServiceImpl:57 - GET_AMOUNT_OF_PATIENTS
2021-04-26 00:45:12 INFO  PatientServiceImpl:57 - FIND_PAGE
2021-04-26 00:45:13 INFO  PatientServiceImpl:57 - GET_AMOUNT_OF_PATIENTS
2021-04-26 00:45:13 INFO  PatientServiceImpl:57 - FIND_PAGE
2021-04-26 00:45:14 INFO  PatientServiceImpl:57 - GET_AMOUNT_OF_PATIENTS
2021-04-26 00:45:14 INFO  PatientServiceImpl:57 - FIND_PAGE
2021-04-26 00:45:14 INFO  PatientServiceImpl:57 - GET_AMOUNT_OF_PATIENTS
2021-04-26 00:45:14 INFO  PatientServiceImpl:57 - FIND_PAGE
2021-04-26 00:45:37 INFO  PatientServiceImpl:57 - SEARCH_BY_FULL_NAME_OR_ADDRESS
2021-04-26 00:45:43 INFO  PatientServiceImpl:57 - SEARCH_BY_FULL_NAME_OR_ADDRESS
2021-04-26 00:45:50 INFO  PatientServiceImpl:57 - SEARCH_BY_DOCTORS_NAME_OR_DATE
2021-04-26 00:45:54 INFO  PatientServiceImpl:57 - SEARCH_BY_DOCTORS_NAME_OR_DATE
2021-04-26 00:49:48 INFO  PatientServiceImpl:57 - SEARCH_BY_FULL_NAME_OR_ADDRESS
2021-04-26 00:51:11 INFO  PatientServiceImpl:57 - ADD
2021-04-26 00:52:08 INFO  PatientServiceImpl:57 - ADD
2021-04-26 00:52:20 INFO  PatientServiceImpl:57 - ADD
2021-04-26 00:52:21 INFO  PatientServiceImpl:57 - FIND_PAGE
2021-04-26 00:52:25 INFO  PatientServiceImpl:57 - FIND_PAGE
2021-04-26 00:53:08 INFO  PatientServiceImpl:57 - ADD
2021-04-26 00:53:10 INFO  PatientServiceImpl:57 - FIND_PAGE
2021-04-26 00:53:41 INFO  PatientServiceImpl:57 - FIND_PAGE
2021-04-26 00:54:55 INFO  PatientServiceImpl:57 - FIND_PAGE
2021-04-26 00:54:55 INFO  PatientServiceImpl:57 - GET_AMOUNT_OF_PATIENTS
2021-04-26 00:54:55 INFO  PatientServiceImpl:57 - FIND_PAGE
2021-04-26 00:54:57 INFO  PatientServiceImpl:57 - GET_AMOUNT_OF_PATIENTS
2021-04-26 00:54:57 INFO  PatientServiceImpl:57 - FIND_PAGE
2021-04-26 00:54:59 INFO  PatientServiceImpl:57 - GET_AMOUNT_OF_PATIENTS
2021-04-26 00:54:59 INFO  PatientServiceImpl:57 - FIND_PAGE
2021-04-26 00:55:05 INFO  PatientServiceImpl:57 - GET_AMOUNT_OF_PATIENTS
2021-04-26 00:55:05 INFO  PatientServiceImpl:57 - FIND_PAGE
2021-04-26 00:55:06 INFO  PatientServiceImpl:57 - GET_AMOUNT_OF_PATIENTS
2021-04-26 00:55:06 INFO  PatientServiceImpl:57 - FIND_PAGE
2021-04-26 00:55:06 INFO  PatientServiceImpl:57 - GET_AMOUNT_OF_PATIENTS
2021-04-26 00:55:06 INFO  PatientServiceImpl:57 - FIND_PAGE
2021-04-26 00:55:07 INFO  PatientServiceImpl:57 - GET_AMOUNT_OF_PATIENTS
2021-04-26 00:55:07 INFO  PatientServiceImpl:57 - FIND_PAGE
2021-04-26 00:55:08 INFO  PatientServiceImpl:57 - GET_AMOUNT_OF_PATIENTS
2021-04-26 00:55:08 INFO  PatientServiceImpl:57 - FIND_PAGE
2021-04-26 00:55:09 INFO  PatientServiceImpl:57 - GET_AMOUNT_OF_PATIENTS
2021-04-26 00:55:09 INFO  PatientServiceImpl:57 - FIND_PAGE
2021-04-26 00:55:10 INFO  PatientServiceImpl:57 - GET_AMOUNT_OF_PATIENTS
2021-04-26 00:55:10 INFO  PatientServiceImpl:57 - FIND_PAGE
2021-04-26 00:55:12 INFO  PatientServiceImpl:57 - GET_AMOUNT_OF_PATIENTS
2021-04-26 00:55:12 INFO  PatientServiceImpl:57 - FIND_PAGE
2021-04-26 00:55:13 INFO  PatientServiceImpl:57 - GET_AMOUNT_OF_PATIENTS
2021-04-26 00:55:13 INFO  PatientServiceImpl:57 - FIND_PAGE
2021-04-26 00:55:14 INFO  PatientServiceImpl:57 - GET_AMOUNT_OF_PATIENTS
2021-04-26 00:55:14 INFO  PatientServiceImpl:57 - FIND_PAGE
2021-04-26 00:55:19 INFO  PatientServiceImpl:57 - GET_AMOUNT_OF_PATIENTS
2021-04-26 00:55:19 INFO  PatientServiceImpl:57 - FIND_PAGE
2021-04-26 00:56:02 INFO  PatientServiceImpl:57 - FIND_PAGE
2021-04-26 00:56:02 INFO  PatientServiceImpl:57 - GET_AMOUNT_OF_PATIENTS
2021-04-26 00:56:02 INFO  PatientServiceImpl:57 - FIND_PAGE
2021-04-26 00:56:03 INFO  PatientServiceImpl:57 - GET_AMOUNT_OF_PATIENTS
2021-04-26 00:56:03 INFO  PatientServiceImpl:57 - FIND_PAGE
2021-04-26 00:56:05 INFO  PatientServiceImpl:57 - GET_AMOUNT_OF_PATIENTS
2021-04-26 00:56:05 INFO  PatientServiceImpl:57 - FIND_PAGE
2021-04-26 00:56:07 INFO  PatientServiceImpl:57 - GET_AMOUNT_OF_PATIENTS
2021-04-26 00:56:07 INFO  PatientServiceImpl:57 - FIND_PAGE
2021-04-26 00:56:08 INFO  PatientServiceImpl:57 - FIND_PAGE
2021-04-26 00:56:08 INFO  PatientServiceImpl:57 - GET_AMOUNT_OF_PATIENTS
2021-04-26 00:56:08 INFO  PatientServiceImpl:57 - FIND_PAGE
2021-04-26 00:56:13 INFO  PatientServiceImpl:57 - FIND_PAGE
2021-04-26 00:56:13 INFO  PatientServiceImpl:57 - GET_AMOUNT_OF_PATIENTS
2021-04-26 00:56:13 INFO  PatientServiceImpl:57 - FIND_PAGE
2021-04-26 00:56:16 INFO  PatientServiceImpl:57 - GET_AMOUNT_OF_PATIENTS
2021-04-26 00:56:16 INFO  PatientServiceImpl:57 - FIND_PAGE
2021-04-26 00:56:17 INFO  PatientServiceImpl:57 - GET_AMOUNT_OF_PATIENTS
2021-04-26 00:56:17 INFO  PatientServiceImpl:57 - FIND_PAGE
2021-04-26 00:56:17 INFO  PatientServiceImpl:57 - GET_AMOUNT_OF_PATIENTS
2021-04-26 00:56:17 INFO  PatientServiceImpl:57 - FIND_PAGE
2021-04-26 00:56:17 INFO  PatientServiceImpl:57 - GET_AMOUNT_OF_PATIENTS
2021-04-26 00:56:17 INFO  PatientServiceImpl:57 - FIND_PAGE
2021-04-26 00:56:18 INFO  PatientServiceImpl:57 - GET_AMOUNT_OF_PATIENTS
2021-04-26 00:56:18 INFO  PatientServiceImpl:57 - FIND_PAGE
2021-04-26 00:56:18 INFO  PatientServiceImpl:57 - GET_AMOUNT_OF_PATIENTS
2021-04-26 00:56:18 INFO  PatientServiceImpl:57 - FIND_PAGE
2021-04-26 00:56:18 INFO  PatientServiceImpl:57 - GET_AMOUNT_OF_PATIENTS
2021-04-26 00:56:18 INFO  PatientServiceImpl:57 - FIND_PAGE
2021-04-26 00:56:18 INFO  PatientServiceImpl:57 - GET_AMOUNT_OF_PATIENTS
2021-04-26 00:56:18 INFO  PatientServiceImpl:57 - FIND_PAGE
2021-04-26 00:56:18 INFO  PatientServiceImpl:57 - GET_AMOUNT_OF_PATIENTS
2021-04-26 00:56:18 INFO  PatientServiceImpl:57 - FIND_PAGE
2021-04-26 00:56:18 INFO  PatientServiceImpl:57 - GET_AMOUNT_OF_PATIENTS
2021-04-26 00:56:18 INFO  PatientServiceImpl:57 - FIND_PAGE
2021-04-26 00:56:19 INFO  PatientServiceImpl:57 - GET_AMOUNT_OF_PATIENTS
2021-04-26 00:56:19 INFO  PatientServiceImpl:57 - FIND_PAGE
2021-04-26 00:56:19 INFO  PatientServiceImpl:57 - GET_AMOUNT_OF_PATIENTS
2021-04-26 00:56:19 INFO  PatientServiceImpl:57 - FIND_PAGE
2021-04-26 00:56:21 INFO  PatientServiceImpl:57 - FIND_PAGE
2021-04-26 00:56:21 INFO  PatientServiceImpl:57 - GET_AMOUNT_OF_PATIENTS
2021-04-26 00:56:21 INFO  PatientServiceImpl:57 - FIND_PAGE
2021-04-26 00:56:23 INFO  PatientServiceImpl:57 - GET_AMOUNT_OF_PATIENTS
2021-04-26 00:56:23 INFO  PatientServiceImpl:57 - FIND_PAGE
2021-04-26 00:56:55 INFO  PatientServiceImpl:57 - FIND_PAGE
2021-04-26 00:57:00 INFO  PatientServiceImpl:57 - GET_AMOUNT_OF_PATIENTS
2021-04-26 00:57:11 INFO  PatientServiceImpl:57 - FIND_PAGE
2021-04-26 00:57:51 INFO  PatientServiceImpl:57 - FIND_PAGE
2021-04-26 00:57:51 INFO  PatientServiceImpl:57 - GET_AMOUNT_OF_PATIENTS
2021-04-26 00:57:51 INFO  PatientServiceImpl:57 - FIND_PAGE
2021-04-26 00:57:54 INFO  PatientServiceImpl:57 - GET_AMOUNT_OF_PATIENTS
2021-04-26 00:57:54 INFO  PatientServiceImpl:57 - FIND_PAGE
2021-04-26 00:57:54 INFO  PatientServiceImpl:57 - GET_AMOUNT_OF_PATIENTS
2021-04-26 00:57:54 INFO  PatientServiceImpl:57 - FIND_PAGE
2021-04-26 00:57:55 INFO  PatientServiceImpl:57 - GET_AMOUNT_OF_PATIENTS
2021-04-26 00:57:55 INFO  PatientServiceImpl:57 - FIND_PAGE
2021-04-26 00:57:56 INFO  PatientServiceImpl:57 - GET_AMOUNT_OF_PATIENTS
2021-04-26 00:57:56 INFO  PatientServiceImpl:57 - FIND_PAGE
2021-04-26 00:57:56 INFO  PatientServiceImpl:57 - GET_AMOUNT_OF_PATIENTS
2021-04-26 00:57:56 INFO  PatientServiceImpl:57 - FIND_PAGE
2021-04-26 00:57:57 INFO  PatientServiceImpl:57 - GET_AMOUNT_OF_PATIENTS
2021-04-26 00:57:57 INFO  PatientServiceImpl:57 - FIND_PAGE
2021-04-26 00:57:58 INFO  PatientServiceImpl:57 - GET_AMOUNT_OF_PATIENTS
2021-04-26 00:57:58 INFO  PatientServiceImpl:57 - FIND_PAGE
2021-04-26 00:57:58 INFO  PatientServiceImpl:57 - GET_AMOUNT_OF_PATIENTS
2021-04-26 00:57:58 INFO  PatientServiceImpl:57 - FIND_PAGE
2021-04-26 00:57:59 INFO  PatientServiceImpl:57 - GET_AMOUNT_OF_PATIENTS
2021-04-26 00:57:59 INFO  PatientServiceImpl:57 - FIND_PAGE
2021-04-26 00:58:50 INFO  PatientServiceImpl:57 - ADD
2021-04-26 00:58:58 INFO  PatientServiceImpl:57 - ADD
2021-04-26 00:59:02 INFO  PatientServiceImpl:57 - FIND_PAGE
2021-04-26 00:59:02 INFO  PatientServiceImpl:57 - GET_AMOUNT_OF_PATIENTS
2021-04-26 00:59:02 INFO  PatientServiceImpl:57 - FIND_PAGE
2021-04-26 00:59:07 INFO  PatientServiceImpl:57 - GET_AMOUNT_OF_PATIENTS
2021-04-26 00:59:07 INFO  PatientServiceImpl:57 - FIND_PAGE
2021-04-26 00:59:29 ERROR PatientServiceImpl:77 - Error while sending object!
2021-04-26 01:02:18 ERROR PatientServiceImpl:48 - Failure while connecting to server on 127.0.0.1:8080
2021-04-26 01:02:56 INFO  PatientServiceImpl:57 - ADD
2021-04-26 01:02:58 INFO  PatientServiceImpl:57 - GET_AMOUNT_OF_PATIENTS
2021-04-26 01:02:58 INFO  PatientServiceImpl:57 - FIND_PAGE
2021-04-26 01:03:08 INFO  PatientServiceImpl:57 - ADD
2021-04-26 01:03:17 INFO  PatientServiceImpl:57 - ADD
2021-04-26 01:03:18 INFO  PatientServiceImpl:57 - GET_AMOUNT_OF_PATIENTS
2021-04-26 01:03:18 INFO  PatientServiceImpl:57 - FIND_PAGE
2021-04-26 01:03:27 INFO  PatientServiceImpl:57 - ADD
2021-04-26 01:03:28 INFO  PatientServiceImpl:57 - GET_AMOUNT_OF_PATIENTS
2021-04-26 01:03:28 INFO  PatientServiceImpl:57 - FIND_PAGE
2021-04-26 01:03:31 INFO  PatientServiceImpl:57 - GET_AMOUNT_OF_PATIENTS
2021-04-26 01:03:31 INFO  PatientServiceImpl:57 - FIND_PAGE
2021-04-26 01:03:32 INFO  PatientServiceImpl:57 - GET_AMOUNT_OF_PATIENTS
2021-04-26 01:03:32 INFO  PatientServiceImpl:57 - FIND_PAGE
2021-04-26 01:03:44 INFO  PatientServiceImpl:57 - GET_AMOUNT_OF_PATIENTS
2021-04-26 01:03:44 INFO  PatientServiceImpl:57 - FIND_PAGE
2021-04-26 01:03:46 INFO  PatientServiceImpl:57 - GET_AMOUNT_OF_PATIENTS
2021-04-26 01:03:46 INFO  PatientServiceImpl:57 - FIND_PAGE
2021-04-26 01:03:46 INFO  PatientServiceImpl:57 - GET_AMOUNT_OF_PATIENTS
2021-04-26 01:03:46 INFO  PatientServiceImpl:57 - GET_AMOUNT_OF_PATIENTS
2021-04-26 01:03:46 INFO  PatientServiceImpl:57 - FIND_PAGE
2021-04-26 01:03:50 INFO  PatientServiceImpl:57 - GET_AMOUNT_OF_PATIENTS
2021-04-26 01:03:50 INFO  PatientServiceImpl:57 - FIND_PAGE
2021-04-26 01:03:50 INFO  PatientServiceImpl:57 - GET_AMOUNT_OF_PATIENTS
2021-04-26 01:03:50 INFO  PatientServiceImpl:57 - FIND_PAGE
2021-04-26 01:03:51 INFO  PatientServiceImpl:57 - GET_AMOUNT_OF_PATIENTS
2021-04-26 01:03:51 INFO  PatientServiceImpl:57 - FIND_PAGE
2021-04-26 01:03:52 INFO  PatientServiceImpl:57 - GET_AMOUNT_OF_PATIENTS
2021-04-26 01:03:52 INFO  PatientServiceImpl:57 - FIND_PAGE
2021-04-26 01:03:53 INFO  PatientServiceImpl:57 - GET_AMOUNT_OF_PATIENTS
2021-04-26 01:03:53 INFO  PatientServiceImpl:57 - FIND_PAGE
2021-04-26 01:03:53 INFO  PatientServiceImpl:57 - GET_AMOUNT_OF_PATIENTS
2021-04-26 01:03:53 INFO  PatientServiceImpl:57 - FIND_PAGE
2021-04-26 01:03:53 INFO  PatientServiceImpl:57 - GET_AMOUNT_OF_PATIENTS
2021-04-26 01:03:53 INFO  PatientServiceImpl:57 - FIND_PAGE
2021-04-26 01:03:53 INFO  PatientServiceImpl:57 - GET_AMOUNT_OF_PATIENTS
2021-04-26 01:03:53 INFO  PatientServiceImpl:57 - FIND_PAGE
2021-04-26 01:03:53 INFO  PatientServiceImpl:57 - GET_AMOUNT_OF_PATIENTS
2021-04-26 01:03:53 INFO  PatientServiceImpl:57 - FIND_PAGE
2021-04-26 01:03:54 INFO  PatientServiceImpl:57 - GET_AMOUNT_OF_PATIENTS
2021-04-26 01:03:54 INFO  PatientServiceImpl:57 - FIND_PAGE
2021-04-26 01:03:54 INFO  PatientServiceImpl:57 - GET_AMOUNT_OF_PATIENTS
2021-04-26 01:03:54 INFO  PatientServiceImpl:57 - FIND_PAGE
2021-04-26 01:03:55 INFO  PatientServiceImpl:57 - GET_AMOUNT_OF_PATIENTS
2021-04-26 01:03:55 INFO  PatientServiceImpl:57 - FIND_PAGE
2021-04-26 01:03:55 INFO  PatientServiceImpl:57 - GET_AMOUNT_OF_PATIENTS
2021-04-26 01:03:55 INFO  PatientServiceImpl:57 - FIND_PAGE
2021-04-26 01:03:56 INFO  PatientServiceImpl:57 - GET_AMOUNT_OF_PATIENTS
2021-04-26 01:03:56 INFO  PatientServiceImpl:57 - FIND_PAGE
2021-04-26 01:03:57 INFO  PatientServiceImpl:57 - GET_AMOUNT_OF_PATIENTS
2021-04-26 01:03:57 INFO  PatientServiceImpl:57 - FIND_PAGE
2021-04-26 01:03:57 INFO  PatientServiceImpl:57 - GET_AMOUNT_OF_PATIENTS
2021-04-26 01:03:57 INFO  PatientServiceImpl:57 - FIND_PAGE
2021-04-26 01:03:58 INFO  PatientServiceImpl:57 - GET_AMOUNT_OF_PATIENTS
2021-04-26 01:03:58 INFO  PatientServiceImpl:57 - FIND_PAGE
2021-04-26 01:03:59 INFO  PatientServiceImpl:57 - GET_AMOUNT_OF_PATIENTS
2021-04-26 01:03:59 INFO  PatientServiceImpl:57 - FIND_PAGE
2021-04-26 01:04:00 INFO  PatientServiceImpl:57 - GET_AMOUNT_OF_PATIENTS
2021-04-26 01:04:00 INFO  PatientServiceImpl:57 - FIND_PAGE
2021-04-26 01:04:01 INFO  PatientServiceImpl:57 - GET_AMOUNT_OF_PATIENTS
2021-04-26 01:04:01 INFO  PatientServiceImpl:57 - FIND_PAGE
2021-04-26 01:04:02 INFO  PatientServiceImpl:57 - GET_AMOUNT_OF_PATIENTS
2021-04-26 01:04:02 INFO  PatientServiceImpl:57 - FIND_PAGE
2021-04-26 01:04:02 INFO  PatientServiceImpl:57 - GET_AMOUNT_OF_PATIENTS
2021-04-26 01:04:02 INFO  PatientServiceImpl:57 - FIND_PAGE
2021-04-26 01:04:03 INFO  PatientServiceImpl:57 - GET_AMOUNT_OF_PATIENTS
2021-04-26 01:04:03 INFO  PatientServiceImpl:57 - GET_AMOUNT_OF_PATIENTS
2021-04-26 01:04:03 INFO  PatientServiceImpl:57 - FIND_PAGE
2021-04-26 01:04:04 INFO  PatientServiceImpl:57 - GET_AMOUNT_OF_PATIENTS
2021-04-26 01:04:04 INFO  PatientServiceImpl:57 - FIND_PAGE
2021-04-26 01:04:05 INFO  PatientServiceImpl:57 - GET_AMOUNT_OF_PATIENTS
2021-04-26 01:04:05 INFO  PatientServiceImpl:57 - GET_AMOUNT_OF_PATIENTS
2021-04-26 01:04:05 INFO  PatientServiceImpl:57 - FIND_PAGE
2021-04-26 01:04:06 INFO  PatientServiceImpl:57 - GET_AMOUNT_OF_PATIENTS
2021-04-26 01:04:06 INFO  PatientServiceImpl:57 - FIND_PAGE
2021-04-26 01:04:07 INFO  PatientServiceImpl:57 - GET_AMOUNT_OF_PATIENTS
2021-04-26 01:04:07 INFO  PatientServiceImpl:57 - FIND_PAGE
2021-04-26 01:04:08 INFO  PatientServiceImpl:57 - GET_AMOUNT_OF_PATIENTS
2021-04-26 01:04:08 INFO  PatientServiceImpl:57 - GET_AMOUNT_OF_PATIENTS
2021-04-26 01:04:08 INFO  PatientServiceImpl:57 - FIND_PAGE
2021-04-26 01:04:10 INFO  PatientServiceImpl:57 - GET_AMOUNT_OF_PATIENTS
2021-04-26 01:04:10 INFO  PatientServiceImpl:57 - FIND_PAGE
2021-04-26 01:04:11 INFO  PatientServiceImpl:57 - GET_AMOUNT_OF_PATIENTS
2021-04-26 01:04:11 INFO  PatientServiceImpl:57 - FIND_PAGE
2021-04-26 01:04:13 INFO  PatientServiceImpl:57 - GET_AMOUNT_OF_PATIENTS
2021-04-26 01:04:13 INFO  PatientServiceImpl:57 - FIND_PAGE
2021-04-26 01:04:14 INFO  PatientServiceImpl:57 - GET_AMOUNT_OF_PATIENTS
2021-04-26 01:04:14 INFO  PatientServiceImpl:57 - FIND_PAGE
2021-04-26 01:07:06 INFO  PatientServiceImpl:57 - GET_AMOUNT_OF_PATIENTS
2021-04-26 01:07:07 INFO  PatientServiceImpl:57 - FIND_PAGE
2021-04-26 01:07:12 INFO  PatientServiceImpl:57 - GET_AMOUNT_OF_PATIENTS
2021-04-26 01:07:12 INFO  PatientServiceImpl:57 - FIND_PAGE
2021-04-26 01:07:12 INFO  PatientServiceImpl:57 - GET_AMOUNT_OF_PATIENTS
2021-04-26 01:07:12 INFO  PatientServiceImpl:57 - FIND_PAGE
2021-04-26 01:07:12 INFO  PatientServiceImpl:57 - GET_AMOUNT_OF_PATIENTS
2021-04-26 01:07:12 INFO  PatientServiceImpl:57 - FIND_PAGE
2021-04-26 01:07:12 INFO  PatientServiceImpl:57 - GET_AMOUNT_OF_PATIENTS
2021-04-26 01:07:12 INFO  PatientServiceImpl:57 - FIND_PAGE
2021-04-26 01:07:12 INFO  PatientServiceImpl:57 - GET_AMOUNT_OF_PATIENTS
2021-04-26 01:07:12 INFO  PatientServiceImpl:57 - FIND_PAGE
2021-04-26 01:07:13 INFO  PatientServiceImpl:57 - GET_AMOUNT_OF_PATIENTS
2021-04-26 01:07:13 INFO  PatientServiceImpl:57 - FIND_PAGE
2021-04-26 01:07:13 INFO  PatientServiceImpl:57 - GET_AMOUNT_OF_PATIENTS
2021-04-26 01:07:13 INFO  PatientServiceImpl:57 - FIND_PAGE
2021-04-26 01:07:14 INFO  PatientServiceImpl:57 - GET_AMOUNT_OF_PATIENTS
2021-04-26 01:07:14 INFO  PatientServiceImpl:57 - FIND_PAGE
2021-04-26 01:07:15 INFO  PatientServiceImpl:57 - GET_AMOUNT_OF_PATIENTS
2021-04-26 01:07:15 INFO  PatientServiceImpl:57 - GET_AMOUNT_OF_PATIENTS
2021-04-26 01:07:15 INFO  PatientServiceImpl:57 - FIND_PAGE
2021-04-26 01:07:15 INFO  PatientServiceImpl:57 - GET_AMOUNT_OF_PATIENTS
2021-04-26 01:07:15 INFO  PatientServiceImpl:57 - FIND_PAGE
2021-04-26 01:07:16 INFO  PatientServiceImpl:57 - GET_AMOUNT_OF_PATIENTS
2021-04-26 01:07:16 INFO  PatientServiceImpl:57 - GET_AMOUNT_OF_PATIENTS
2021-04-26 01:07:16 INFO  PatientServiceImpl:57 - FIND_PAGE
2021-04-26 01:07:18 INFO  PatientServiceImpl:57 - GET_AMOUNT_OF_PATIENTS
2021-04-26 01:07:18 INFO  PatientServiceImpl:57 - FIND_PAGE
2021-04-26 01:07:18 INFO  PatientServiceImpl:57 - GET_AMOUNT_OF_PATIENTS
2021-04-26 01:07:18 INFO  PatientServiceImpl:57 - FIND_PAGE
2021-04-26 01:07:18 INFO  PatientServiceImpl:57 - GET_AMOUNT_OF_PATIENTS
2021-04-26 01:07:18 INFO  PatientServiceImpl:57 - FIND_PAGE
2021-04-26 01:07:19 INFO  PatientServiceImpl:57 - GET_AMOUNT_OF_PATIENTS
2021-04-26 01:07:19 INFO  PatientServiceImpl:57 - FIND_PAGE
2021-04-26 01:07:21 INFO  PatientServiceImpl:57 - GET_AMOUNT_OF_PATIENTS
2021-04-26 01:07:21 INFO  PatientServiceImpl:57 - FIND_PAGE
2021-04-26 01:07:21 INFO  PatientServiceImpl:57 - GET_AMOUNT_OF_PATIENTS
2021-04-26 01:07:21 INFO  PatientServiceImpl:57 - FIND_PAGE
2021-04-26 01:07:21 INFO  PatientServiceImpl:57 - GET_AMOUNT_OF_PATIENTS
2021-04-26 01:07:21 INFO  PatientServiceImpl:57 - FIND_PAGE
2021-04-26 01:07:22 INFO  PatientServiceImpl:57 - GET_AMOUNT_OF_PATIENTS
2021-04-26 01:07:22 INFO  PatientServiceImpl:57 - FIND_PAGE
2021-04-26 01:07:23 INFO  PatientServiceImpl:57 - GET_AMOUNT_OF_PATIENTS
2021-04-26 01:07:23 INFO  PatientServiceImpl:57 - FIND_PAGE
2021-04-26 01:07:23 INFO  PatientServiceImpl:57 - GET_AMOUNT_OF_PATIENTS
2021-04-26 01:07:23 INFO  PatientServiceImpl:57 - GET_AMOUNT_OF_PATIENTS
2021-04-26 01:07:23 INFO  PatientServiceImpl:57 - FIND_PAGE
2021-04-26 01:07:24 INFO  PatientServiceImpl:57 - GET_AMOUNT_OF_PATIENTS
2021-04-26 01:07:24 INFO  PatientServiceImpl:57 - FIND_PAGE
2021-04-26 01:07:25 INFO  PatientServiceImpl:57 - GET_AMOUNT_OF_PATIENTS
2021-04-26 01:07:25 INFO  PatientServiceImpl:57 - FIND_PAGE
2021-04-26 01:07:28 INFO  PatientServiceImpl:57 - GET_AMOUNT_OF_PATIENTS
2021-04-26 01:07:28 INFO  PatientServiceImpl:57 - FIND_PAGE
2021-04-26 01:07:30 INFO  PatientServiceImpl:57 - GET_AMOUNT_OF_PATIENTS
2021-04-26 01:07:30 INFO  PatientServiceImpl:57 - GET_AMOUNT_OF_PATIENTS
2021-04-26 01:07:30 INFO  PatientServiceImpl:57 - FIND_PAGE
2021-04-26 01:07:31 INFO  PatientServiceImpl:57 - GET_AMOUNT_OF_PATIENTS
2021-04-26 01:07:31 INFO  PatientServiceImpl:57 - FIND_PAGE
2021-04-26 01:07:32 INFO  PatientServiceImpl:57 - GET_AMOUNT_OF_PATIENTS
2021-04-26 01:07:32 INFO  PatientServiceImpl:57 - FIND_PAGE
2021-04-26 01:07:33 INFO  PatientServiceImpl:57 - GET_AMOUNT_OF_PATIENTS
2021-04-26 01:07:33 INFO  PatientServiceImpl:57 - FIND_PAGE
2021-04-26 01:07:34 INFO  PatientServiceImpl:57 - GET_AMOUNT_OF_PATIENTS
2021-04-26 01:07:34 INFO  PatientServiceImpl:57 - FIND_PAGE
2021-04-26 01:07:47 INFO  PatientServiceImpl:57 - GET_AMOUNT_OF_PATIENTS
2021-04-26 01:07:47 INFO  PatientServiceImpl:57 - FIND_PAGE
2021-04-26 01:07:48 INFO  PatientServiceImpl:57 - GET_AMOUNT_OF_PATIENTS
2021-04-26 01:07:48 INFO  PatientServiceImpl:57 - FIND_PAGE
2021-04-26 01:07:54 INFO  PatientServiceImpl:57 - DELETE_BY_FULL_NAME_OR_ADDRESS
2021-04-26 01:07:57 INFO  PatientServiceImpl:57 - GET_AMOUNT_OF_PATIENTS
2021-04-26 01:07:57 INFO  PatientServiceImpl:57 - FIND_PAGE
2021-04-26 01:08:00 INFO  PatientServiceImpl:57 - GET_AMOUNT_OF_PATIENTS
2021-04-26 01:08:00 INFO  PatientServiceImpl:57 - FIND_PAGE
2021-04-26 01:08:01 INFO  PatientServiceImpl:57 - GET_AMOUNT_OF_PATIENTS
2021-04-26 01:08:01 INFO  PatientServiceImpl:57 - FIND_PAGE
2021-04-26 01:08:02 INFO  PatientServiceImpl:57 - GET_AMOUNT_OF_PATIENTS
2021-04-26 01:08:02 INFO  PatientServiceImpl:57 - FIND_PAGE
2021-04-26 01:12:21 INFO  PatientServiceImpl:57 - GET_AMOUNT_OF_PATIENTS
2021-04-26 01:12:21 INFO  PatientServiceImpl:57 - FIND_PAGE
2021-04-26 01:12:32 INFO  PatientServiceImpl:57 - SEARCH_BY_FULL_NAME_OR_ADDRESS
2021-04-26 01:12:59 INFO  PatientServiceImpl:57 - ADD
2021-04-26 01:13:00 INFO  PatientServiceImpl:57 - GET_AMOUNT_OF_PATIENTS
2021-04-26 01:13:00 INFO  PatientServiceImpl:57 - FIND_PAGE
2021-04-26 01:13:16 INFO  PatientServiceImpl:57 - ADD
2021-04-26 01:13:17 INFO  PatientServiceImpl:57 - GET_AMOUNT_OF_PATIENTS
2021-04-26 01:13:17 INFO  PatientServiceImpl:57 - FIND_PAGE
2021-04-26 01:13:24 INFO  PatientServiceImpl:57 - SEARCH_BY_FULL_NAME_OR_ADDRESS
2021-04-26 01:18:58 INFO  PatientServiceImpl:57 - GET_AMOUNT_OF_PATIENTS
2021-04-26 01:18:58 INFO  PatientServiceImpl:57 - FIND_PAGE
2021-04-26 01:19:04 INFO  PatientServiceImpl:57 - SEARCH_BY_FULL_NAME_OR_ADDRESS
2021-04-26 01:19:04 INFO  PatientServiceImpl:57 - FIND_PAGE_BY_LIST
2021-04-26 01:19:06 INFO  PatientServiceImpl:57 - FIND_PAGE_BY_LIST
2021-04-26 01:19:06 INFO  PatientServiceImpl:57 - FIND_PAGE_BY_LIST
2021-04-26 01:19:07 INFO  PatientServiceImpl:57 - FIND_PAGE_BY_LIST
2021-04-26 01:19:07 INFO  PatientServiceImpl:57 - FIND_PAGE_BY_LIST
2021-04-26 01:19:08 INFO  PatientServiceImpl:57 - FIND_PAGE_BY_LIST
2021-04-26 01:19:08 INFO  PatientServiceImpl:57 - FIND_PAGE_BY_LIST
2021-04-26 01:19:08 INFO  PatientServiceImpl:57 - FIND_PAGE_BY_LIST
2021-04-26 01:19:09 INFO  PatientServiceImpl:57 - FIND_PAGE_BY_LIST
2021-04-26 01:19:09 INFO  PatientServiceImpl:57 - FIND_PAGE_BY_LIST
2021-04-26 01:19:09 INFO  PatientServiceImpl:57 - FIND_PAGE_BY_LIST
2021-04-26 01:19:09 INFO  PatientServiceImpl:57 - FIND_PAGE_BY_LIST
2021-04-26 01:19:09 INFO  PatientServiceImpl:57 - FIND_PAGE_BY_LIST
2021-04-26 01:19:11 INFO  PatientServiceImpl:57 - FIND_PAGE_BY_LIST
2021-04-26 01:19:12 INFO  PatientServiceImpl:57 - FIND_PAGE_BY_LIST
2021-04-26 01:19:14 INFO  PatientServiceImpl:57 - FIND_PAGE_BY_LIST
2021-04-26 01:19:14 INFO  PatientServiceImpl:57 - FIND_PAGE_BY_LIST
2021-04-26 01:19:16 INFO  PatientServiceImpl:57 - FIND_PAGE_BY_LIST
2021-04-26 01:19:17 INFO  PatientServiceImpl:57 - FIND_PAGE_BY_LIST
2021-04-26 01:19:17 INFO  PatientServiceImpl:57 - FIND_PAGE_BY_LIST
2021-04-26 01:19:46 INFO  PatientServiceImpl:57 - GET_AMOUNT_OF_PATIENTS
2021-04-26 01:19:46 INFO  PatientServiceImpl:57 - FIND_PAGE
2021-04-26 01:20:05 INFO  PatientServiceImpl:57 - SEARCH_BY_FULL_NAME_OR_ADDRESS
2021-04-26 01:20:05 INFO  PatientServiceImpl:57 - FIND_PAGE_BY_LIST
2021-04-26 01:20:06 INFO  PatientServiceImpl:57 - FIND_PAGE_BY_LIST
2021-04-26 01:20:08 INFO  PatientServiceImpl:57 - FIND_PAGE_BY_LIST
2021-04-26 01:22:08 INFO  PatientServiceImpl:57 - GET_AMOUNT_OF_PATIENTS
2021-04-26 01:22:08 INFO  PatientServiceImpl:57 - FIND_PAGE
2021-04-26 01:22:20 INFO  PatientServiceImpl:57 - SEARCH_BY_FULL_NAME_OR_ADDRESS
2021-04-26 01:22:20 INFO  PatientServiceImpl:57 - FIND_PAGE_BY_LIST
2021-04-26 01:22:23 INFO  PatientServiceImpl:57 - FIND_PAGE_BY_LIST
2021-04-26 01:22:24 INFO  PatientServiceImpl:57 - FIND_PAGE_BY_LIST
2021-04-26 01:22:25 INFO  PatientServiceImpl:57 - FIND_PAGE_BY_LIST
2021-04-26 01:22:26 INFO  PatientServiceImpl:57 - FIND_PAGE_BY_LIST
2021-04-26 01:22:27 INFO  PatientServiceImpl:57 - FIND_PAGE_BY_LIST
2021-04-26 01:22:28 INFO  PatientServiceImpl:57 - FIND_PAGE_BY_LIST
2021-04-26 01:22:29 INFO  PatientServiceImpl:57 - FIND_PAGE_BY_LIST
2021-04-26 01:22:29 INFO  PatientServiceImpl:57 - FIND_PAGE_BY_LIST
2021-04-26 01:22:32 INFO  PatientServiceImpl:57 - FIND_PAGE_BY_LIST
2021-04-26 01:22:32 INFO  PatientServiceImpl:57 - FIND_PAGE_BY_LIST
2021-04-26 01:22:33 INFO  PatientServiceImpl:57 - FIND_PAGE_BY_LIST
2021-04-26 01:22:33 INFO  PatientServiceImpl:57 - FIND_PAGE_BY_LIST
2021-04-26 01:22:34 INFO  PatientServiceImpl:57 - FIND_PAGE_BY_LIST
2021-04-26 01:22:34 INFO  PatientServiceImpl:57 - FIND_PAGE_BY_LIST
2021-04-26 01:22:37 INFO  PatientServiceImpl:57 - FIND_PAGE_BY_LIST
2021-04-26 01:22:40 INFO  PatientServiceImpl:57 - FIND_PAGE_BY_LIST
2021-04-26 01:22:40 INFO  PatientServiceImpl:57 - FIND_PAGE_BY_LIST
2021-04-26 01:22:41 INFO  PatientServiceImpl:57 - FIND_PAGE_BY_LIST
2021-04-26 01:22:41 INFO  PatientServiceImpl:57 - FIND_PAGE_BY_LIST
2021-04-26 01:22:42 INFO  PatientServiceImpl:57 - FIND_PAGE_BY_LIST
2021-04-26 01:22:43 INFO  PatientServiceImpl:57 - FIND_PAGE_BY_LIST
2021-04-26 01:22:43 INFO  PatientServiceImpl:57 - FIND_PAGE_BY_LIST
2021-04-26 01:22:44 INFO  PatientServiceImpl:57 - FIND_PAGE_BY_LIST
2021-04-26 01:22:44 INFO  PatientServiceImpl:57 - FIND_PAGE_BY_LIST
2021-04-26 01:22:44 INFO  PatientServiceImpl:57 - FIND_PAGE_BY_LIST
2021-04-26 01:22:44 INFO  PatientServiceImpl:57 - FIND_PAGE_BY_LIST
2021-04-26 01:22:44 INFO  PatientServiceImpl:57 - FIND_PAGE_BY_LIST
2021-04-26 01:22:45 INFO  PatientServiceImpl:57 - FIND_PAGE_BY_LIST
2021-04-26 01:22:45 INFO  PatientServiceImpl:57 - FIND_PAGE_BY_LIST
2021-04-26 01:22:46 INFO  PatientServiceImpl:57 - FIND_PAGE_BY_LIST
2021-04-26 01:22:47 INFO  PatientServiceImpl:57 - FIND_PAGE_BY_LIST
2021-04-26 01:22:48 INFO  PatientServiceImpl:57 - FIND_PAGE_BY_LIST
2021-04-26 01:22:49 INFO  PatientServiceImpl:57 - FIND_PAGE_BY_LIST
2021-04-26 01:22:50 INFO  PatientServiceImpl:57 - FIND_PAGE_BY_LIST
2021-04-26 01:22:50 INFO  PatientServiceImpl:57 - FIND_PAGE_BY_LIST
2021-04-26 01:22:50 INFO  PatientServiceImpl:57 - FIND_PAGE_BY_LIST
2021-04-26 01:22:51 INFO  PatientServiceImpl:57 - FIND_PAGE_BY_LIST
2021-04-26 01:22:52 INFO  PatientServiceImpl:57 - FIND_PAGE_BY_LIST
2021-04-26 01:22:53 INFO  PatientServiceImpl:57 - FIND_PAGE_BY_LIST
2021-04-26 01:22:53 INFO  PatientServiceImpl:57 - FIND_PAGE_BY_LIST
2021-04-26 01:22:54 INFO  PatientServiceImpl:57 - FIND_PAGE_BY_LIST
2021-04-26 01:23:03 INFO  PatientServiceImpl:57 - FIND_PAGE_BY_LIST
2021-04-26 01:23:03 INFO  PatientServiceImpl:57 - FIND_PAGE_BY_LIST
2021-04-26 01:23:03 INFO  PatientServiceImpl:57 - FIND_PAGE_BY_LIST
2021-04-26 01:23:04 INFO  PatientServiceImpl:57 - FIND_PAGE_BY_LIST
2021-04-26 01:23:07 INFO  PatientServiceImpl:57 - FIND_PAGE_BY_LIST
2021-04-26 01:23:08 INFO  PatientServiceImpl:57 - FIND_PAGE_BY_LIST
2021-04-26 01:23:09 INFO  PatientServiceImpl:57 - FIND_PAGE_BY_LIST
2021-04-26 01:23:09 INFO  PatientServiceImpl:57 - FIND_PAGE_BY_LIST
2021-04-26 01:23:17 INFO  PatientServiceImpl:57 - FIND_PAGE_BY_LIST
2021-04-26 01:23:18 INFO  PatientServiceImpl:57 - FIND_PAGE_BY_LIST
2021-04-26 01:23:18 INFO  PatientServiceImpl:57 - FIND_PAGE_BY_LIST
2021-04-26 01:23:19 INFO  PatientServiceImpl:57 - FIND_PAGE_BY_LIST
2021-04-26 01:23:19 INFO  PatientServiceImpl:57 - FIND_PAGE_BY_LIST
2021-04-26 01:23:19 INFO  PatientServiceImpl:57 - FIND_PAGE_BY_LIST
2021-04-26 01:23:20 INFO  PatientServiceImpl:57 - FIND_PAGE_BY_LIST
2021-04-26 01:23:23 INFO  PatientServiceImpl:57 - FIND_PAGE_BY_LIST
2021-04-26 01:23:25 INFO  PatientServiceImpl:57 - FIND_PAGE_BY_LIST
2021-04-26 01:23:27 INFO  PatientServiceImpl:57 - FIND_PAGE_BY_LIST
2021-04-26 01:23:28 INFO  PatientServiceImpl:57 - FIND_PAGE_BY_LIST
2021-04-26 01:23:29 INFO  PatientServiceImpl:57 - FIND_PAGE_BY_LIST
2021-04-26 01:23:29 INFO  PatientServiceImpl:57 - FIND_PAGE_BY_LIST
2021-04-26 01:23:30 INFO  PatientServiceImpl:57 - FIND_PAGE_BY_LIST
2021-04-26 01:23:31 INFO  PatientServiceImpl:57 - FIND_PAGE_BY_LIST
2021-04-26 01:23:32 INFO  PatientServiceImpl:57 - FIND_PAGE_BY_LIST
2021-04-26 01:23:32 INFO  PatientServiceImpl:57 - FIND_PAGE_BY_LIST
2021-04-26 01:23:34 INFO  PatientServiceImpl:57 - FIND_PAGE_BY_LIST
2021-04-26 01:23:35 INFO  PatientServiceImpl:57 - FIND_PAGE_BY_LIST
2021-04-26 01:23:36 INFO  PatientServiceImpl:57 - FIND_PAGE_BY_LIST
2021-04-26 01:23:36 INFO  PatientServiceImpl:57 - FIND_PAGE_BY_LIST
2021-04-26 01:23:39 INFO  PatientServiceImpl:57 - FIND_PAGE_BY_LIST
2021-04-26 01:23:40 INFO  PatientServiceImpl:57 - FIND_PAGE_BY_LIST
2021-04-26 01:23:41 INFO  PatientServiceImpl:57 - FIND_PAGE_BY_LIST
2021-04-26 01:23:41 INFO  PatientServiceImpl:57 - FIND_PAGE_BY_LIST
2021-04-26 01:23:42 INFO  PatientServiceImpl:57 - FIND_PAGE_BY_LIST
2021-04-26 01:23:43 INFO  PatientServiceImpl:57 - FIND_PAGE_BY_LIST
2021-04-26 01:23:44 INFO  PatientServiceImpl:57 - FIND_PAGE_BY_LIST
2021-04-26 01:23:44 INFO  PatientServiceImpl:57 - FIND_PAGE_BY_LIST
2021-04-26 01:23:47 INFO  PatientServiceImpl:57 - FIND_PAGE_BY_LIST
2021-04-26 01:23:47 INFO  PatientServiceImpl:57 - FIND_PAGE_BY_LIST
2021-04-26 01:23:48 INFO  PatientServiceImpl:57 - FIND_PAGE_BY_LIST
2021-04-26 01:23:48 INFO  PatientServiceImpl:57 - FIND_PAGE_BY_LIST
2021-04-26 01:23:49 INFO  PatientServiceImpl:57 - FIND_PAGE_BY_LIST
2021-04-26 01:23:50 INFO  PatientServiceImpl:57 - FIND_PAGE_BY_LIST
2021-04-26 01:23:50 INFO  PatientServiceImpl:57 - FIND_PAGE_BY_LIST
2021-04-26 01:23:51 INFO  PatientServiceImpl:57 - FIND_PAGE_BY_LIST
2021-04-26 01:23:51 INFO  PatientServiceImpl:57 - FIND_PAGE_BY_LIST
2021-04-26 01:23:52 INFO  PatientServiceImpl:57 - FIND_PAGE_BY_LIST
2021-04-26 01:23:53 INFO  PatientServiceImpl:57 - FIND_PAGE_BY_LIST
2021-04-26 01:23:54 INFO  PatientServiceImpl:57 - FIND_PAGE_BY_LIST
2021-04-26 01:23:55 INFO  PatientServiceImpl:57 - FIND_PAGE_BY_LIST
2021-04-26 01:23:56 INFO  PatientServiceImpl:57 - FIND_PAGE_BY_LIST
2021-04-26 01:23:56 INFO  PatientServiceImpl:57 - FIND_PAGE_BY_LIST
2021-04-26 01:24:50 INFO  PatientServiceImpl:57 - GET_AMOUNT_OF_PATIENTS
2021-04-26 01:24:50 INFO  PatientServiceImpl:57 - FIND_PAGE
2021-04-26 01:24:58 INFO  PatientServiceImpl:57 - SEARCH_BY_FULL_NAME_OR_ADDRESS
2021-04-26 01:25:10 INFO  PatientServiceImpl:57 - FIND_PAGE_BY_LIST
2021-04-26 01:25:27 INFO  PatientServiceImpl:57 - FIND_PAGE_BY_LIST
2021-04-26 01:25:46 INFO  PatientServiceImpl:57 - FIND_PAGE_BY_LIST
2021-04-26 01:26:21 INFO  PatientServiceImpl:57 - FIND_PAGE_BY_LIST
2021-04-26 01:26:53 INFO  PatientServiceImpl:57 - GET_AMOUNT_OF_PATIENTS
2021-04-26 01:26:53 INFO  PatientServiceImpl:57 - FIND_PAGE
2021-04-26 01:27:03 INFO  PatientServiceImpl:57 - SEARCH_BY_FULL_NAME_OR_ADDRESS
2021-04-26 01:27:03 INFO  PatientServiceImpl:57 - FIND_PAGE_BY_LIST
2021-04-26 01:27:05 INFO  PatientServiceImpl:57 - FIND_PAGE_BY_LIST
2021-04-26 01:27:05 INFO  PatientServiceImpl:57 - FIND_PAGE_BY_LIST
2021-04-26 01:27:05 INFO  PatientServiceImpl:57 - FIND_PAGE_BY_LIST
2021-04-26 01:27:05 INFO  PatientServiceImpl:57 - FIND_PAGE_BY_LIST
2021-04-26 01:27:05 INFO  PatientServiceImpl:57 - FIND_PAGE_BY_LIST
2021-04-26 01:27:06 INFO  PatientServiceImpl:57 - FIND_PAGE_BY_LIST
2021-04-26 01:27:06 INFO  PatientServiceImpl:57 - FIND_PAGE_BY_LIST
2021-04-26 01:27:07 INFO  PatientServiceImpl:57 - FIND_PAGE_BY_LIST
2021-04-26 01:27:07 INFO  PatientServiceImpl:57 - FIND_PAGE_BY_LIST
2021-04-26 01:27:08 INFO  PatientServiceImpl:57 - FIND_PAGE_BY_LIST
2021-04-26 01:27:09 INFO  PatientServiceImpl:57 - FIND_PAGE_BY_LIST
2021-04-26 01:27:09 INFO  PatientServiceImpl:57 - FIND_PAGE_BY_LIST
2021-04-26 01:27:11 INFO  PatientServiceImpl:57 - FIND_PAGE_BY_LIST
2021-04-26 01:27:12 INFO  PatientServiceImpl:57 - FIND_PAGE_BY_LIST
2021-04-26 01:27:13 INFO  PatientServiceImpl:57 - FIND_PAGE_BY_LIST
2021-04-26 01:27:14 INFO  PatientServiceImpl:57 - FIND_PAGE_BY_LIST
2021-04-26 01:27:15 INFO  PatientServiceImpl:57 - FIND_PAGE_BY_LIST
2021-04-26 01:27:16 INFO  PatientServiceImpl:57 - FIND_PAGE_BY_LIST
2021-04-26 01:27:16 INFO  PatientServiceImpl:57 - FIND_PAGE_BY_LIST
2021-04-26 01:27:17 INFO  PatientServiceImpl:57 - FIND_PAGE_BY_LIST
2021-04-26 01:27:20 INFO  PatientServiceImpl:57 - FIND_PAGE_BY_LIST
2021-04-26 01:27:34 INFO  PatientServiceImpl:57 - SEARCH_BY_BIRTHDAY
2021-04-26 01:27:34 INFO  PatientServiceImpl:57 - FIND_PAGE_BY_LIST
2021-04-26 01:27:39 INFO  PatientServiceImpl:57 - SEARCH_BY_BIRTHDAY
2021-04-26 01:27:39 INFO  PatientServiceImpl:57 - FIND_PAGE_BY_LIST
2021-04-26 01:27:52 INFO  PatientServiceImpl:57 - SEARCH_BY_BIRTHDAY
2021-04-26 01:27:52 INFO  PatientServiceImpl:57 - FIND_PAGE_BY_LIST
2021-04-26 01:27:53 INFO  PatientServiceImpl:57 - FIND_PAGE_BY_LIST
2021-04-26 01:27:53 INFO  PatientServiceImpl:57 - FIND_PAGE_BY_LIST
2021-04-26 01:27:58 INFO  PatientServiceImpl:57 - FIND_PAGE_BY_LIST
2021-04-26 01:27:59 INFO  PatientServiceImpl:57 - FIND_PAGE_BY_LIST
2021-04-26 01:27:59 INFO  PatientServiceImpl:57 - FIND_PAGE_BY_LIST
2021-04-26 01:28:00 INFO  PatientServiceImpl:57 - FIND_PAGE_BY_LIST
2021-04-26 01:28:10 INFO  PatientServiceImpl:57 - FIND_PAGE_BY_LIST
2021-04-26 01:28:11 INFO  PatientServiceImpl:57 - FIND_PAGE_BY_LIST
2021-04-26 01:28:11 INFO  PatientServiceImpl:57 - FIND_PAGE_BY_LIST
2021-04-26 01:28:11 INFO  PatientServiceImpl:57 - FIND_PAGE_BY_LIST
2021-04-26 01:29:05 INFO  PatientServiceImpl:57 - GET_AMOUNT_OF_PATIENTS
2021-04-26 01:29:05 INFO  PatientServiceImpl:57 - FIND_PAGE
2021-04-26 01:29:12 INFO  PatientServiceImpl:57 - SEARCH_BY_FULL_NAME_OR_ADDRESS
2021-04-26 01:29:12 INFO  PatientServiceImpl:57 - FIND_PAGE_BY_LIST
2021-04-26 01:29:20 INFO  PatientServiceImpl:57 - SEARCH_BY_BIRTHDAY
2021-04-26 01:29:20 INFO  PatientServiceImpl:57 - FIND_PAGE_BY_LIST
2021-04-26 01:29:22 INFO  PatientServiceImpl:57 - FIND_PAGE_BY_LIST
2021-04-26 01:29:23 INFO  PatientServiceImpl:57 - FIND_PAGE_BY_LIST
2021-04-26 01:29:24 INFO  PatientServiceImpl:57 - FIND_PAGE_BY_LIST
2021-04-26 01:29:24 INFO  PatientServiceImpl:57 - FIND_PAGE_BY_LIST
2021-04-26 01:29:25 INFO  PatientServiceImpl:57 - FIND_PAGE_BY_LIST
2021-04-26 01:29:25 INFO  PatientServiceImpl:57 - FIND_PAGE_BY_LIST
2021-04-26 01:29:29 INFO  PatientServiceImpl:57 - FIND_PAGE_BY_LIST
2021-04-26 01:29:29 INFO  PatientServiceImpl:57 - FIND_PAGE_BY_LIST
2021-04-26 01:29:29 INFO  PatientServiceImpl:57 - FIND_PAGE_BY_LIST
2021-04-26 01:29:30 INFO  PatientServiceImpl:57 - FIND_PAGE_BY_LIST
2021-04-26 01:29:30 INFO  PatientServiceImpl:57 - FIND_PAGE_BY_LIST
2021-04-26 01:29:30 INFO  PatientServiceImpl:57 - FIND_PAGE_BY_LIST
2021-04-26 01:29:31 INFO  PatientServiceImpl:57 - FIND_PAGE_BY_LIST
2021-04-26 01:29:32 INFO  PatientServiceImpl:57 - FIND_PAGE_BY_LIST
2021-04-26 01:29:32 INFO  PatientServiceImpl:57 - FIND_PAGE_BY_LIST
2021-04-26 01:29:33 INFO  PatientServiceImpl:57 - FIND_PAGE_BY_LIST
2021-04-26 01:29:33 INFO  PatientServiceImpl:57 - FIND_PAGE_BY_LIST
2021-04-26 01:29:34 INFO  PatientServiceImpl:57 - FIND_PAGE_BY_LIST
2021-04-26 01:29:36 INFO  PatientServiceImpl:57 - FIND_PAGE_BY_LIST
2021-04-26 01:29:37 INFO  PatientServiceImpl:57 - FIND_PAGE_BY_LIST
2021-04-26 01:29:37 INFO  PatientServiceImpl:57 - FIND_PAGE_BY_LIST
2021-04-26 01:29:37 INFO  PatientServiceImpl:57 - FIND_PAGE_BY_LIST
2021-04-26 01:29:37 INFO  PatientServiceImpl:57 - FIND_PAGE_BY_LIST
2021-04-26 01:29:37 INFO  PatientServiceImpl:57 - FIND_PAGE_BY_LIST
2021-04-26 01:29:38 INFO  PatientServiceImpl:57 - FIND_PAGE_BY_LIST
2021-04-26 01:29:38 INFO  PatientServiceImpl:57 - SEARCH_BY_BIRTHDAY
2021-04-26 01:29:38 INFO  PatientServiceImpl:57 - FIND_PAGE_BY_LIST
2021-04-26 01:29:39 INFO  PatientServiceImpl:57 - FIND_PAGE_BY_LIST
2021-04-26 01:29:40 INFO  PatientServiceImpl:57 - FIND_PAGE_BY_LIST
2021-04-26 01:29:40 INFO  PatientServiceImpl:57 - FIND_PAGE_BY_LIST
2021-04-26 01:29:41 INFO  PatientServiceImpl:57 - FIND_PAGE_BY_LIST
2021-04-26 01:29:42 INFO  PatientServiceImpl:57 - FIND_PAGE_BY_LIST
2021-04-26 01:33:32 INFO  PatientServiceImpl:57 - ADD
2021-04-26 01:33:47 INFO  PatientServiceImpl:57 - GET_AMOUNT_OF_PATIENTS
2021-04-26 01:33:51 INFO  PatientServiceImpl:57 - FIND_PAGE
2021-04-26 01:34:17 INFO  PatientServiceImpl:57 - SEARCH_BY_BIRTHDAY
2021-04-26 01:35:10 INFO  PatientServiceImpl:57 - FIND_PAGE_BY_LIST
2021-04-26 01:37:16 INFO  PatientServiceImpl:57 - ADD
2021-04-26 01:37:19 INFO  PatientServiceImpl:57 - GET_AMOUNT_OF_PATIENTS
2021-04-26 01:37:19 INFO  PatientServiceImpl:57 - FIND_PAGE
2021-04-26 01:37:34 INFO  PatientServiceImpl:57 - SEARCH_BY_BIRTHDAY
2021-04-26 01:37:47 INFO  PatientServiceImpl:57 - FIND_PAGE_BY_LIST
2021-04-26 01:39:40 INFO  PatientServiceImpl:57 - ADD
2021-04-26 01:39:40 ERROR PatientServiceImpl:63 - Error while creating Object Stream!
2021-04-26 01:45:02 ERROR PatientServiceImpl:48 - Failure while connecting to server on 127.0.0.1:8080
